This is pdfTeX, Version 3.14159265-2.6-1.40.19 (MiKTeX 2.9.6800 64-bit) (preloaded format=pdflatex 2018.10.12)  16 APR 2019 09:42
entering extended mode
**./OCTables-2019-4-16.tex
(OCTables-2019-4-16.tex
LaTeX2e <2018-04-01> patch level 5
("C:\Users\karar\AppData\Local\Programs\MiKTeX 2.9\tex\latex\base\article.cls"
Document Class: article 2014/09/29 v1.4h Standard LaTeX document class
("C:\Users\karar\AppData\Local\Programs\MiKTeX 2.9\tex\latex\base\size12.clo"
File: size12.clo 2014/09/29 v1.4h Standard LaTeX file (size option)
)
\c@part=\count80
\c@section=\count81
\c@subsection=\count82
\c@subsubsection=\count83
\c@paragraph=\count84
\c@subparagraph=\count85
\c@figure=\count86
\c@table=\count87
\abovecaptionskip=\skip41
\belowcaptionskip=\skip42
\bibindent=\dimen102
) (OCTables-2019-4-16.aux)
\openout1 = `OCTables-2019-4-16.aux'.

LaTeX Font Info:    Checking defaults for OML/cmm/m/it on input line 4.
LaTeX Font Info:    ... okay on input line 4.
LaTeX Font Info:    Checking defaults for T1/cmr/m/n on input line 4.
LaTeX Font Info:    ... okay on input line 4.
LaTeX Font Info:    Checking defaults for OT1/cmr/m/n on input line 4.
LaTeX Font Info:    ... okay on input line 4.
LaTeX Font Info:    Checking defaults for OMS/cmsy/m/n on input line 4.
LaTeX Font Info:    ... okay on input line 4.
LaTeX Font Info:    Checking defaults for OMX/cmex/m/n on input line 4.
LaTeX Font Info:    ... okay on input line 4.
LaTeX Font Info:    Checking defaults for U/cmr/m/n on input line 4.
LaTeX Font Info:    ... okay on input line 4.
LaTeX Font Info:    External font `cmex10' loaded for size
(Font)              <12> on input line 18.
LaTeX Font Info:    External font `cmex10' loaded for size
(Font)              <8> on input line 18.
LaTeX Font Info:    External font `cmex10' loaded for size
(Font)              <6> on input line 18.

Overfull \hbox (32.42564pt too wide) in paragraph at lines 18--31
 [][] 
 []


Overfull \hbox (38.66586pt too wide) in paragraph at lines 66--82
 [][] 
 []


Overfull \hbox (53.80182pt too wide) in paragraph at lines 113--127
 [][] 
 []


Overfull \hbox (53.80182pt too wide) in paragraph at lines 134--148
 [][] 
 []


Overfull \hbox (33.2826pt too wide) in paragraph at lines 155--169
 [][] 
 []


Overfull \hbox (53.80182pt too wide) in paragraph at lines 176--190
 [][] 
 []


Overfull \hbox (53.80182pt too wide) in paragraph at lines 197--211
 [][] 
 []


Overfull \hbox (53.80182pt too wide) in paragraph at lines 218--232
 [][] 
 []


Overfull \hbox (32.42564pt too wide) in paragraph at lines 395--408
 [][] 
 []

[13

{C:/Users/karar/AppData/Local/MiKTeX/2.9/pdftex/config/pdftex.map}] [14]
[15] [16] [17] [18] [19] (OCTables-2019-4-16.aux) ) 
Here is how much of TeX's memory you used:
 226 strings out of 492973
 2716 string characters out of 3126691
 110019 words of memory out of 3000000
 4174 multiletter control sequences out of 15000+200000
 6723 words of font info for 24 fonts, out of 3000000 for 9000
 1141 hyphenation exceptions out of 8191
 22i,8n,19p,367b,229s stack positions out of 5000i,500n,10000p,200000b,50000s
<C:/Users/karar/AppData/Loca
l/Programs/MiKTeX 2.9/fonts/type1/public/amsfonts/cm/cmmi12.pfb><C:/Users/karar
/AppData/Local/Programs/MiKTeX 2.9/fonts/type1/public/amsfonts/cm/cmr12.pfb><C:
/Users/karar/AppData/Local/Programs/MiKTeX 2.9/fonts/type1/public/amsfonts/cm/c
mti12.pfb>
Output written on OCTables-2019-4-16.pdf (7 pages, 50769 bytes).
PDF statistics:
 38 PDF objects out of 1000 (max. 8388607)
 0 named destinations out of 1000 (max. 500000)
 1 words of extra memory for PDF output out of 10000 (max. 10000000)

